<?xml version="1.0" encoding="UTF-8" standalone="no"?>
<testsuite errors="0" failures="1" name="io.cucumber.core.plugin.JUnitFormatter" skipped="0" tests="5" time="2,615.964">
    <testcase classname="Login" name="Check Login Functionality" time="29.826">
        <system-out>
            <![CDATA[Given Inspector Open the Application........................................passed
And Enter Valid userName"inspector".........................................passed
And Enter Valid Password"123456"............................................passed
And Click Login.............................................................passed
Then User Should Login Successfully.........................................passed
]]>
        </system-out>
    </testcase>
    <testcase classname="Submit Form" name="Check Submitting Scanning Form" time="74.028">
        <system-out>
            <![CDATA[Given Inspector Open the Application........................................passed
And Enter Valid userName"inspector".........................................passed
And Enter Valid Password"123456"............................................passed
And Click Login.............................................................passed
And Inspector Navigated To the Home Page....................................passed
And Expand Activity Section.................................................passed
And Click on desired Activity4..............................................passed
And Select schedule.........................................................passed
And Click on the Skip Button................................................passed
And Fill Form...............................................................passed
Then Click on Submit Button.................................................passed
]]>
        </system-out>
    </testcase>
    <testcase classname="Submit Form" name="Check Submitting Scanning Form 2" time="67.484">
        <system-out>
            <![CDATA[Given Inspector Open the Application........................................passed
And Enter Valid userName"inspector".........................................passed
And Enter Valid Password"123456"............................................passed
And Click Login.............................................................passed
And Inspector Navigated To the Home Page....................................passed
And Expand Activity Section.................................................passed
And Click on desired Activity4..............................................passed
And Select schedule.........................................................passed
And Click on the Skip Button................................................passed
And Fill Form...............................................................passed
Then Click on Submit Button.................................................passed
]]>
        </system-out>
    </testcase>
    <testcase classname="Submit Saved Form" name="Check Submitting the saved Scanning Form" time="2,351.222">
        <failure message="Expected condition failed: waiting for visibility of Located by By.chained({By.id: viewAllTextView}) (tried for 180 second(s) with 500 milliseconds interval)" type="org.openqa.selenium.TimeoutException">
            <![CDATA[Given Inspector Open the Application........................................passed
And Enter Valid userName"inspector".........................................passed
And Enter Valid Password"123456"............................................passed
And Click Login.............................................................passed
And Inspector Navigated To the Home Page....................................passed
And Expand Activity Section.................................................failed
And Click on desired Activity4..............................................skipped
And Select schedule.........................................................skipped
And Click on the Skip Button................................................skipped
And Fill Form...............................................................skipped
And Click on the save button................................................skipped
And Navigate to saved Events................................................skipped
Then Success................................................................skipped

StackTrace:
org.openqa.selenium.TimeoutException: Expected condition failed: waiting for visibility of Located by By.chained({By.id: viewAllTextView}) (tried for 180 second(s) with 500 milliseconds interval)
	at org.openqa.selenium.support.ui.WebDriverWait.timeoutException(WebDriverWait.java:95)
	at org.openqa.selenium.support.ui.FluentWait.until(FluentWait.java:272)
	at Base.PageBase.waitForVisibility(PageBase.java:38)
	at example.Screens.S02_HomeScreen.expandAllActivities(S02_HomeScreen.java:18)
	at example.stepDefs.D02_SubmitFormStepDefs.expandActivitySection(D02_SubmitFormStepDefs.java:24)
	at âœ½.Expand Activity Section(file:///D:/Youxel/Checkplus/ola/Ola/src/main/resources/Features/F03_SaveForm.feature:10)
Caused by: org.openqa.selenium.NoSuchElementException: Can't locate an element by this strategy: By.chained({By.id: viewAllTextView})
	at io.appium.java_client.pagefactory.AppiumElementLocator.findElement(AppiumElementLocator.java:126)
	at io.appium.java_client.pagefactory.interceptors.InterceptorOfASingleElement.intercept(InterceptorOfASingleElement.java:59)
	at io.appium.java_client.android.AndroidElement$$EnhancerByCGLIB$$b598166c.isDisplayed(<generated>)
	at org.openqa.selenium.support.ui.ExpectedConditions.elementIfVisible(ExpectedConditions.java:314)
	at org.openqa.selenium.support.ui.ExpectedConditions.access$000(ExpectedConditions.java:43)
	at org.openqa.selenium.support.ui.ExpectedConditions$10.apply(ExpectedConditions.java:300)
	at org.openqa.selenium.support.ui.ExpectedConditions$10.apply(ExpectedConditions.java:297)
	at org.openqa.selenium.support.ui.FluentWait.until(FluentWait.java:249)
	at Base.PageBase.waitForVisibility(PageBase.java:38)
	at example.Screens.S02_HomeScreen.expandAllActivities(S02_HomeScreen.java:18)
	at example.stepDefs.D02_SubmitFormStepDefs.expandActivitySection(D02_SubmitFormStepDefs.java:24)
	at java.base/jdk.internal.reflect.NativeMethodAccessorImpl.invoke0(Native Method)
	at java.base/jdk.internal.reflect.NativeMethodAccessorImpl.invoke(NativeMethodAccessorImpl.java:62)
	at java.base/jdk.internal.reflect.DelegatingMethodAccessorImpl.invoke(DelegatingMethodAccessorImpl.java:43)
	at java.base/java.lang.reflect.Method.invoke(Method.java:566)
	at io.cucumber.java.Invoker.doInvoke(Invoker.java:66)
	at io.cucumber.java.Invoker.invoke(Invoker.java:24)
	at io.cucumber.java.AbstractGlueDefinition.invokeMethod(AbstractGlueDefinition.java:47)
	at io.cucumber.java.JavaStepDefinition.execute(JavaStepDefinition.java:29)
	at io.cucumber.core.runner.CoreStepDefinition.execute(CoreStepDefinition.java:66)
	at io.cucumber.core.runner.PickleStepDefinitionMatch.runStep(PickleStepDefinitionMatch.java:63)
	at io.cucumber.core.runner.ExecutionMode$1.execute(ExecutionMode.java:10)
	at io.cucumber.core.runner.TestStep.executeStep(TestStep.java:92)
	at io.cucumber.core.runner.TestStep.run(TestStep.java:64)
	at io.cucumber.core.runner.PickleStepTestStep.run(PickleStepTestStep.java:51)
	at io.cucumber.core.runner.TestCase.run(TestCase.java:104)
	at io.cucumber.core.runner.Runner.runPickle(Runner.java:73)
	at io.cucumber.testng.TestNGCucumberRunner.lambda$runScenario$0(TestNGCucumberRunner.java:117)
	at io.cucumber.core.runtime.CucumberExecutionContext.runTestCase(CucumberExecutionContext.java:117)
	at io.cucumber.testng.TestNGCucumberRunner.runScenario(TestNGCucumberRunner.java:114)
	at io.cucumber.testng.AbstractTestNGCucumberTests.runScenario(AbstractTestNGCucumberTests.java:31)
	at java.base/jdk.internal.reflect.NativeMethodAccessorImpl.invoke0(Native Method)
	at java.base/jdk.internal.reflect.NativeMethodAccessorImpl.invoke(NativeMethodAccessorImpl.java:62)
	at java.base/jdk.internal.reflect.DelegatingMethodAccessorImpl.invoke(DelegatingMethodAccessorImpl.java:43)
	at java.base/java.lang.reflect.Method.invoke(Method.java:566)
	at org.testng.internal.MethodInvocationHelper.invokeMethod(MethodInvocationHelper.java:133)
	at org.testng.internal.TestInvoker.invokeMethod(TestInvoker.java:598)
	at org.testng.internal.TestInvoker.invokeTestMethod(TestInvoker.java:173)
	at org.testng.internal.MethodRunner.runInSequence(MethodRunner.java:46)
	at org.testng.internal.TestInvoker$MethodInvocationAgent.invoke(TestInvoker.java:824)
	at org.testng.internal.TestInvoker.invokeTestMethods(TestInvoker.java:146)
	at org.testng.internal.TestMethodWorker.invokeTestMethods(TestMethodWorker.java:146)
	at org.testng.internal.TestMethodWorker.run(TestMethodWorker.java:128)
	at java.base/java.util.ArrayList.forEach(ArrayList.java:1541)
	at org.testng.TestRunner.privateRun(TestRunner.java:794)
	at org.testng.TestRunner.run(TestRunner.java:596)
	at org.testng.SuiteRunner.runTest(SuiteRunner.java:377)
	at org.testng.SuiteRunner.runSequentially(SuiteRunner.java:371)
	at org.testng.SuiteRunner.privateRun(SuiteRunner.java:332)
	at org.testng.SuiteRunner.run(SuiteRunner.java:276)
	at org.testng.SuiteRunnerWorker.runSuite(SuiteRunnerWorker.java:53)
	at org.testng.SuiteRunnerWorker.run(SuiteRunnerWorker.java:96)
	at org.testng.TestNG.runSuitesSequentially(TestNG.java:1212)
	at org.testng.TestNG.runSuitesLocally(TestNG.java:1134)
	at org.testng.TestNG.runSuites(TestNG.java:1063)
	at org.testng.TestNG.run(TestNG.java:1031)
	at com.intellij.rt.testng.IDEARemoteTestNG.run(IDEARemoteTestNG.java:66)
	at com.intellij.rt.testng.RemoteTestNGStarter.main(RemoteTestNGStarter.java:109)
Caused by: org.openqa.selenium.TimeoutException: Expected condition failed: waiting for io.appium.java_client.pagefactory.AppiumElementLocator$WaitingFunction@256a0d95 (tried for 1 second(s) with 500 milliseconds interval)
	at org.openqa.selenium.support.ui.FluentWait.timeoutException(FluentWait.java:304)
	at org.openqa.selenium.support.ui.FluentWait.until(FluentWait.java:272)
	at io.appium.java_client.pagefactory.AppiumElementLocator.waitFor(AppiumElementLocator.java:99)
	at io.appium.java_client.pagefactory.AppiumElementLocator.findElement(AppiumElementLocator.java:119)
	... 57 more
Caused by: org.openqa.selenium.NoSuchElementException: Cannot locate an element using By.chained({By.id: viewAllTextView})
For documentation on this error, please visit: https://www.seleniumhq.org/exceptions/no_such_element.html
Build info: version: '3.141.59', revision: 'e82be7d358', time: '2018-11-14T08:17:03'
System info: host: 'DESKTOP-DGNKSQK', ip: '192.168.8.101', os.name: 'Windows 10', os.arch: 'amd64', os.version: '10.0', java.version: '11.0.17'
Driver info: driver.version: AndroidDriver
	at io.appium.java_client.pagefactory.bys.builder.ByChained.findElement(ByChained.java:74)
	at org.openqa.selenium.remote.RemoteWebDriver.findElement(RemoteWebDriver.java:315)
	at io.appium.java_client.DefaultGenericMobileDriver.findElement(DefaultGenericMobileDriver.java:57)
	at io.appium.java_client.AppiumDriver.findElement(AppiumDriver.java:1)
	at io.appium.java_client.android.AndroidDriver.findElement(AndroidDriver.java:1)
	at io.appium.java_client.pagefactory.bys.ContentMappedBy.findElement(ContentMappedBy.java:50)
	at org.openqa.selenium.remote.RemoteWebDriver.findElement(RemoteWebDriver.java:315)
	at io.appium.java_client.DefaultGenericMobileDriver.findElement(DefaultGenericMobileDriver.java:57)
	at io.appium.java_client.AppiumDriver.findElement(AppiumDriver.java:1)
	at io.appium.java_client.android.AndroidDriver.findElement(AndroidDriver.java:1)
	at io.appium.java_client.pagefactory.AppiumElementLocator.lambda$0(AppiumElementLocator.java:120)
	at io.appium.java_client.pagefactory.AppiumElementLocator$WaitingFunction.apply(AppiumElementLocator.java:172)
	at io.appium.java_client.pagefactory.AppiumElementLocator$WaitingFunction.apply(AppiumElementLocator.java:1)
	at org.openqa.selenium.support.ui.FluentWait.until(FluentWait.java:249)
	... 59 more
]]>
        </failure>
    </testcase>
    <testcase classname="Submit Saved Form" name="Check Submitting the saved Scanning Form 2" time="93.151">
        <system-out>
            <![CDATA[Given Inspector Open the Application........................................passed
And Enter Valid userName"inspector".........................................passed
And Enter Valid Password"123456"............................................passed
And Click Login.............................................................passed
And Inspector Navigated To the Home Page....................................passed
And Expand Activity Section.................................................passed
And Click on desired Activity4..............................................passed
And Select schedule.........................................................passed
And Click on the Skip Button................................................passed
And Fill Form...............................................................passed
And Click on the save button................................................passed
And Navigate to saved Events................................................passed
Then Success................................................................passed
]]>
        </system-out>
    </testcase>
</testsuite>
